-------------------------------------------------
The datecode is: 2013150
The pro machine type is: x86e_win64
The process ID is: 4464
The traceback type is : CRASH
-------------------------------------------------
Exception EXCEPTION_ACCESS_VIOLATION has occurred in the thread 2492.
Main Thread 2492
=====================
0x00000001419C45E2	NULL (NULL:0) (xtop:0x000000013FF40000) ( 0x136eb128, 0x4a20e2c8, 0x1, 0x4d4f7bf0 ) 
0x0000000147789769	NULL (NULL:0) (xtop:0x000000013FF40000) ( 0x1, 0x7064b2, 0x0, 0x0 ) 
0x000007FECC91A297	NULL (NULL:0) (uitools_sh:0x000007FECC780000) ( 0x99811d8, 0x99483e0, 0x9948548, 0x0 ) 
0x000007FECC915FD9	NULL (NULL:0) (uitools_sh:0x000007FECC780000) ( 0x99811d8, 0x9948548, 0x0, 0x1 ) 
0x000007FECC914FDB	NULL (NULL:0) (uitools_sh:0x000007FECC780000) ( 0x99811d8, 0x32c36d0, 0x9948548, 0x0 ) 
0x000007FECC915257	NULL (NULL:0) (uitools_sh:0x000007FECC780000) ( 0x99811d8, 0x9948548, 0x0, 0x0 ) 
0x000007FECC914D6E	NULL (NULL:0) (uitools_sh:0x000007FECC780000) ( 0x99811d8, 0x9948548, 0x0, 0x302a5e ) 
0x000007FECC917F09	NULL (NULL:0) (uitools_sh:0x000007FECC780000) ( 0x99811d8, 0x9948548, 0x1, 0x1 ) 
0x000007FECC51E3AA	NULL (NULL:0) (libui_sh:0x000007FECC390000) ( 0x0, 0x4, 0x0, 0x1 ) 
0x000007FECC51EA58	NULL (NULL:0) (libui_sh:0x000007FECC390000) ( 0x0, 0x0, 0x0, 0x4de0d4b1 ) 
0x0000000145EA8B32	NULL (NULL:0) (xtop:0x000000013FF40000) ( 0x1, 0xffffffff, 0x90f440, 0x77b34ecb ) 
0x0000000145EA9B24	NULL (NULL:0) (xtop:0x000000013FF40000) ( 0x7, 0x79672113, 0x0, 0x0 ) 
0x000007FEDC68A1DD	NULL (NULL:0) (coretools_sh:0x000007FEDC5F0000) ( 0x49ee1380, 0x0, 0x4, 0x4359edca ) 
0x0000000145EAA2E5	NULL (NULL:0) (xtop:0x000000013FF40000) ( 0x0, 0x0, 0x0, 0x0 ) 
0x0000000141900149	NULL (NULL:0) (xtop:0x000000013FF40000) ( 0x4ddcf6c0, 0x4, 0x0, 0x0 ) 
0x00000001415F258A	NULL (NULL:0) (xtop:0x000000013FF40000) ( 0x4ddcf6c0, 0x4, 0xe012f0, 0x4 ) 
0x00000001470F291F	NULL (NULL:0) (xtop:0x000000013FF40000) ( 0x1, 0x90f550, 0xe012f0, 0x29e3c01 ) 
0x00000001470F2AE7	NULL (NULL:0) (xtop:0x000000013FF40000) ( 0x98637b, 0x0, 0x0, 0x0 ) 
0x0000000141028E43	NULL (NULL:0) (xtop:0x000000013FF40000) ( 0x0, 0x0, 0x0, 0x0 ) 
0x0000000077B359CD	NULL (NULL:0) (kernel32:0x0000000077B20000) ( 0x0, 0x0, 0x0, 0x0 ) 

Thread 7192
=====================
0x0000000077C8BB7A	NULL (NULL:0) (ntdll:0x0000000077C40000) ( 0x0, 0xdd43a789, 0xa, 0x3c2fc78 ) 
0x000007FEFDC010AC	NULL (NULL:0) (KERNELBASE:0x000007FEFDC00000) ( 0x13083b0, 0x1, 0x0, 0x270 ) 
0x000007FEDD45CB84	NULL (NULL:0) (asyncoremt:0x000007FEDD430000) ( 0x0, 0x0, 0x0, 0x0 ) 
0x000007FEDD45716D	NULL (NULL:0) (asyncoremt:0x000007FEDD430000) ( 0x13083b0, 0x1308610, 0x1291320, 0x1308410 ) 
0x000007FEDD458AFD	NULL (NULL:0) (asyncoremt:0x000007FEDD430000) ( 0x2f8b340, 0x1291320, 0x0, 0x1308410 ) 
0x000007FEDD456ABD	NULL (NULL:0) (asyncoremt:0x000007FEDD430000) ( 0x2f8b340, 0x0, 0x0, 0x0 ) 
0x0000000079671DB7	NULL (NULL:0) (MSVCR100:0x0000000079650000) ( 0x79701ac0, 0x2f8b340, 0x0, 0x0 ) 
0x0000000079671E53	NULL (NULL:0) (MSVCR100:0x0000000079650000) ( 0x0, 0x0, 0x0, 0x0 ) 
0x0000000077B359CD	NULL (NULL:0) (kernel32:0x0000000077B20000) ( 0x0, 0x0, 0x0, 0x0 ) 

Thread 6380
=====================
0x0000000077C8C0EA	NULL (NULL:0) (ntdll:0x0000000077C40000) ( 0x444f2b8, 0x1f0003, 0x0, 0x1 ) 
0x000007FEFDC01430	NULL (NULL:0) (KERNELBASE:0x000007FEFDC00000) ( 0x444f370, 0x444f350, 0x0, 0xdd45817c ) 
0x0000000077B416E3	NULL (NULL:0) (kernel32:0x0000000077B20000) ( 0x26451893, 0x444f660, 0x2f8b620, 0x0 ) 
0x000007FEDD43646D	NULL (NULL:0) (asyncoremt:0x000007FEDD430000) ( 0x1, 0x26451893, 0x13084d0, 0x1 ) 
0x000007FEDD4365BF	NULL (NULL:0) (asyncoremt:0x000007FEDD430000) ( 0x0, 0x0, 0x0, 0x288 ) 
0x000007FEDD436735	NULL (NULL:0) (asyncoremt:0x000007FEDD430000) ( 0x1, 0x1309040, 0x2d, 0x0 ) 
0x000007FEDD45C8CB	NULL (NULL:0) (asyncoremt:0x000007FEDD430000) ( 0x0, 0x0, 0x0, 0x0 ) 
0x000007FEDD45716D	NULL (NULL:0) (asyncoremt:0x000007FEDD430000) ( 0x1308480, 0x1309040, 0x1291320, 0x13085a0 ) 
0x000007FEDD458AFD	NULL (NULL:0) (asyncoremt:0x000007FEDD430000) ( 0x2f8ba40, 0x1291320, 0x0, 0x13085a0 ) 
0x000007FEDD456ABD	NULL (NULL:0) (asyncoremt:0x000007FEDD430000) ( 0x2f8ba40, 0x0, 0x0, 0x0 ) 
0x0000000079671DB7	NULL (NULL:0) (MSVCR100:0x0000000079650000) ( 0x79701ac0, 0x2f8ba40, 0x0, 0x0 ) 
0x0000000079671E53	NULL (NULL:0) (MSVCR100:0x0000000079650000) ( 0x0, 0x0, 0x0, 0x0 ) 
0x0000000077B359CD	NULL (NULL:0) (kernel32:0x0000000077B20000) ( 0x0, 0x0, 0x0, 0x0 ) 

Thread 5204
=====================
0x0000000077C8C0EA	NULL (NULL:0) (ntdll:0x0000000077C40000) ( 0xe0000, 0x129b730, 0x0, 0xd20 ) 
0x000007FEFDC01430	NULL (NULL:0) (KERNELBASE:0x000007FEFDC00000) ( 0x4c4f460, 0x4c4f440, 0x0, 0xca39018 ) 
0x0000000077B416E3	NULL (NULL:0) (kernel32:0x0000000077B20000) ( 0x279cdbd4, 0x4c4f750, 0x2fc19d0, 0x0 ) 
0x000007FEDD43646D	NULL (NULL:0) (asyncoremt:0x000007FEDD430000) ( 0x1, 0x279cdbd4, 0x13093c8, 0x0 ) 
0x000007FEDD4365BF	NULL (NULL:0) (asyncoremt:0x000007FEDD430000) ( 0xd71cde49, 0x1, 0x1, 0x1 ) 
0x000007FEDD436735	NULL (NULL:0) (asyncoremt:0x000007FEDD430000) ( 0x1, 0x1309370, 0x0, 0x27a47050 ) 
0x000007FEDD45CDEB	NULL (NULL:0) (asyncoremt:0x000007FEDD430000) ( 0x0, 0x0, 0x2d, 0x0 ) 
0x000007FEDD457878	NULL (NULL:0) (asyncoremt:0x000007FEDD430000) ( 0x1291300, 0x13094b0, 0x1309520, 0x2f73540 ) 
0x000007FEDD45716D	NULL (NULL:0) (asyncoremt:0x000007FEDD430000) ( 0x1309370, 0x1309520, 0x1291320, 0x13094b0 ) 
0x000007FEDD458AFD	NULL (NULL:0) (asyncoremt:0x000007FEDD430000) ( 0x2f8ba40, 0x1291320, 0x0, 0x13094b0 ) 
0x000007FEDD456ABD	NULL (NULL:0) (asyncoremt:0x000007FEDD430000) ( 0x2f8ba40, 0x0, 0x0, 0x0 ) 
0x0000000079671DB7	NULL (NULL:0) (MSVCR100:0x0000000079650000) ( 0x79701ac0, 0x2f8ba40, 0x0, 0x0 ) 
0x0000000079671E53	NULL (NULL:0) (MSVCR100:0x0000000079650000) ( 0x0, 0x0, 0x0, 0x0 ) 
0x0000000077B359CD	NULL (NULL:0) (kernel32:0x0000000077B20000) ( 0x0, 0x0, 0x0, 0x0 ) 

Thread 7008
=====================
0x0000000077C8BB7A	NULL (NULL:0) (ntdll:0x0000000077C40000) ( 0x0, 0x30, 0xde458000, 0x10bc ) 
0x000007FEFDC010AC	NULL (NULL:0) (KERNELBASE:0x000007FEFDC00000) ( 0x300ac78, 0x300ac78, 0x0, 0x10bc ) 
0x000007FEDB3DCE14	NULL (NULL:0) (baselibmt:0x000007FEDB300000) ( 0x0, 0x320b890, 0x0, 0x33c ) 
0x0000000143D4D54E	NULL (NULL:0) (xtop:0x000000013FF40000) ( 0x320b890, 0x0, 0x0, 0x0 ) 
0x000007FEDB3E0953	NULL (NULL:0) (baselibmt:0x000007FEDB300000) ( 0x3218f00, 0x0, 0x2a7ce40, 0x7fffffff ) 
0x0000000079671DB7	NULL (NULL:0) (MSVCR100:0x0000000079650000) ( 0x79701ac0, 0x3218fd0, 0x0, 0x0 ) 
0x0000000079671E53	NULL (NULL:0) (MSVCR100:0x0000000079650000) ( 0x0, 0x0, 0x0, 0x0 ) 
0x0000000077B359CD	NULL (NULL:0) (kernel32:0x0000000077B20000) ( 0x0, 0x0, 0x0, 0x0 ) 

Thread 3220
=====================
0x0000000077C8C0EA	NULL (NULL:0) (ntdll:0x0000000077C40000) ( 0x24, 0x0, 0x77d3f550, 0x77d3f550 ) 
0x0000000077C5A317	NULL (NULL:0) (ntdll:0x0000000077C40000) ( 0x0, 0x0, 0x0, 0xf26614cd ) 
0x0000000077B359CD	NULL (NULL:0) (kernel32:0x0000000077B20000) ( 0x0, 0x0, 0x0, 0x0 ) 

Thread 896
=====================
0x0000000077C8BB7A	NULL (NULL:0) (ntdll:0x0000000077C40000) ( 0xca3a968, 0xde45208b, 0xfffffffe, 0x130dcb0 ) 
0x000007FEFDC010AC	NULL (NULL:0) (KERNELBASE:0x000007FEFDC00000) ( 0x1, 0x2f73540, 0x0, 0x468 ) 
0x000007FEDB31CAC5	NULL (NULL:0) (baselibmt:0x000007FEDB300000) ( 0xca350a0, 0x130dd20, 0x1, 0x0 ) 
0x000007FEDD458BE4	NULL (NULL:0) (asyncoremt:0x000007FEDD430000) ( 0x32386b0, 0x1291320, 0x0, 0x130dcb0 ) 
0x000007FEDD456ABD	NULL (NULL:0) (asyncoremt:0x000007FEDD430000) ( 0x32386b0, 0x0, 0x0, 0x0 ) 
0x0000000079671DB7	NULL (NULL:0) (MSVCR100:0x0000000079650000) ( 0x79701ac0, 0x32386b0, 0x0, 0x0 ) 
0x0000000079671E53	NULL (NULL:0) (MSVCR100:0x0000000079650000) ( 0x0, 0x0, 0x0, 0x0 ) 
0x0000000077B359CD	NULL (NULL:0) (kernel32:0x0000000077B20000) ( 0x0, 0x0, 0x0, 0x0 ) 

Thread 7540
=====================
0x0000000077C8C0EA	NULL (NULL:0) (ntdll:0x0000000077C40000) ( 0x36001a, 0x98ba10, 0x0, 0x0 ) 
0x000007FEFDC01430	NULL (NULL:0) (KERNELBASE:0x000007FEFDC00000) ( 0x75cfe90, 0x75cfe80, 0x0, 0xff676980 ) 
0x0000000077B306C0	NULL (NULL:0) (kernel32:0x0000000077B20000) ( 0x0, 0x0, 0x0, 0x0 ) 
0x0000000145E43FD6	NULL (NULL:0) (xtop:0x000000013FF40000) ( 0x0, 0x0, 0x0, 0x0 ) 
0x0000000077B359CD	NULL (NULL:0) (kernel32:0x0000000077B20000) ( 0x0, 0x0, 0x0, 0x0 ) 

Thread 244
=====================
0x0000000077C8D43A	NULL (NULL:0) (ntdll:0x0000000077C40000) ( 0x60000, 0x0, 0x60000, 0xdc3faa0 ) 
0x0000000077C5EBED	NULL (NULL:0) (ntdll:0x0000000077C40000) ( 0x4, 0x3, 0x9fdb20, 0x1afe20b0 ) 
0x0000000077B359CD	NULL (NULL:0) (kernel32:0x0000000077B20000) ( 0x0, 0x0, 0x0, 0x0 ) 

Thread 7296
=====================
0x0000000077C8D43A	NULL (NULL:0) (ntdll:0x0000000077C40000) ( 0x0, 0x0, 0x96dc620, 0x9fda30 ) 
0x0000000077C5EBED	NULL (NULL:0) (ntdll:0x0000000077C40000) ( 0x8, 0x10007, 0x9fda30, 0x96dc620 ) 
0x0000000077B359CD	NULL (NULL:0) (kernel32:0x0000000077B20000) ( 0x0, 0x0, 0x0, 0x0 ) 

Thread 6676
=====================
0x0000000077C8D43A	NULL (NULL:0) (ntdll:0x0000000077C40000) ( 0x30000, 0x30000, 0x0, 0x0 ) 
0x0000000077C5EBED	NULL (NULL:0) (ntdll:0x0000000077C40000) ( 0x8, 0x7, 0x9fda30, 0xa57db0 ) 
0x0000000077B359CD	NULL (NULL:0) (kernel32:0x0000000077B20000) ( 0x0, 0x0, 0x0, 0x0 ) 

Thread 6132
=====================
0x0000000077C8BB7A	NULL (NULL:0) (ntdll:0x0000000077C40000) ( 0x0, 0x30, 0xde458000, 0x600 ) 
0x000007FEFDC010AC	NULL (NULL:0) (KERNELBASE:0x000007FEFDC00000) ( 0x300acd8, 0x300acd8, 0x0, 0x600 ) 
0x000007FEDB3DCE14	NULL (NULL:0) (baselibmt:0x000007FEDB300000) ( 0x0, 0x320c048, 0x0, 0x0 ) 
0x0000000143D4D54E	NULL (NULL:0) (xtop:0x000000013FF40000) ( 0x320c048, 0x0, 0x0, 0x0 ) 
0x000007FEDB3E0953	NULL (NULL:0) (baselibmt:0x000007FEDB300000) ( 0x9944700, 0x0, 0x2a7d1c0, 0x0 ) 
0x0000000079671DB7	NULL (NULL:0) (MSVCR100:0x0000000079650000) ( 0x79701ac0, 0x99447a0, 0x0, 0x0 ) 
0x0000000079671E53	NULL (NULL:0) (MSVCR100:0x0000000079650000) ( 0x0, 0x0, 0x0, 0x0 ) 
0x0000000077B359CD	NULL (NULL:0) (kernel32:0x0000000077B20000) ( 0x0, 0x0, 0x0, 0x0 ) 

Thread 5596
=====================
0x0000000077C8BB7A	NULL (NULL:0) (ntdll:0x0000000077C40000) ( 0x0, 0x30, 0xde458000, 0x10c0 ) 
0x000007FEFDC010AC	NULL (NULL:0) (KERNELBASE:0x000007FEFDC00000) ( 0x300ab10, 0x300ab10, 0x0, 0x10c0 ) 
0x000007FEDB3DCE14	NULL (NULL:0) (baselibmt:0x000007FEDB300000) ( 0x0, 0x320c6d0, 0x0, 0x0 ) 
0x0000000143D4D54E	NULL (NULL:0) (xtop:0x000000013FF40000) ( 0x320c6d0, 0x0, 0x0, 0x0 ) 
0x000007FEDB3E0953	NULL (NULL:0) (baselibmt:0x000007FEDB300000) ( 0xe0cf00, 0x0, 0x2a7d340, 0x0 ) 
0x0000000079671DB7	NULL (NULL:0) (MSVCR100:0x0000000079650000) ( 0x79701ac0, 0xe0cf20, 0x0, 0x0 ) 
0x0000000079671E53	NULL (NULL:0) (MSVCR100:0x0000000079650000) ( 0x0, 0x0, 0x0, 0x0 ) 
0x0000000077B359CD	NULL (NULL:0) (kernel32:0x0000000077B20000) ( 0x0, 0x0, 0x0, 0x0 ) 

Thread 5644
=====================
0x0000000077C8D43A	NULL (NULL:0) (ntdll:0x0000000077C40000) ( 0x60000, 0x9fda30, 0x0, 0x0 ) 
0x0000000077C5EBED	NULL (NULL:0) (ntdll:0x0000000077C40000) ( 0x9fda30, 0x10007, 0x9fda30, 0x0 ) 
0x0000000077B359CD	NULL (NULL:0) (kernel32:0x0000000077B20000) ( 0x0, 0x0, 0x0, 0x0 ) 

Thread 5124
=====================
0x0000000077C8BB7A	NULL (NULL:0) (ntdll:0x0000000077C40000) ( 0x0, 0x30, 0x0, 0x10b8 ) 
0x000007FEFDC010AC	NULL (NULL:0) (KERNELBASE:0x000007FEFDC00000) ( 0x300aee8, 0x300aee8, 0x0, 0x10b8 ) 
0x000007FEDB3DCE14	NULL (NULL:0) (baselibmt:0x000007FEDB300000) ( 0x0, 0x320be80, 0x0, 0x0 ) 
0x0000000143D4D54E	NULL (NULL:0) (xtop:0x000000013FF40000) ( 0x320be80, 0x0, 0x0, 0x0 ) 
0x000007FEDB3E0953	NULL (NULL:0) (baselibmt:0x000007FEDB300000) ( 0x9b4e500, 0x0, 0x2a7d140, 0x0 ) 
0x0000000079671DB7	NULL (NULL:0) (MSVCR100:0x0000000079650000) ( 0x79701ac0, 0x9b4e5f0, 0x0, 0x0 ) 
0x0000000079671E53	NULL (NULL:0) (MSVCR100:0x0000000079650000) ( 0x0, 0x0, 0x0, 0x0 ) 
0x0000000077B359CD	NULL (NULL:0) (kernel32:0x0000000077B20000) ( 0x0, 0x0, 0x0, 0x0 ) 

Thread 1036
=====================
0x0000000077C8BB7A	NULL (NULL:0) (ntdll:0x0000000077C40000) ( 0x0, 0x30, 0x300a770, 0x10c4 ) 
0x000007FEFDC010AC	NULL (NULL:0) (KERNELBASE:0x000007FEFDC00000) ( 0x300aba0, 0x300aba0, 0x0, 0x10c4 ) 
0x000007FEDB3DCE14	NULL (NULL:0) (baselibmt:0x000007FEDB300000) ( 0x0, 0x320ba58, 0x0, 0x0 ) 
0x0000000143D4D54E	NULL (NULL:0) (xtop:0x000000013FF40000) ( 0x320ba58, 0x0, 0x0, 0x0 ) 
0x000007FEDB3E0953	NULL (NULL:0) (baselibmt:0x000007FEDB300000) ( 0xa04fe00, 0x0, 0x2a7d040, 0x0 ) 
0x0000000079671DB7	NULL (NULL:0) (MSVCR100:0x0000000079650000) ( 0x79701ac0, 0xa04fe40, 0x0, 0x0 ) 
0x0000000079671E53	NULL (NULL:0) (MSVCR100:0x0000000079650000) ( 0x0, 0x0, 0x0, 0x0 ) 
0x0000000077B359CD	NULL (NULL:0) (kernel32:0x0000000077B20000) ( 0x0, 0x0, 0x0, 0x0 ) 

Thread 5180
=====================
0x0000000077C8BB7A	NULL (NULL:0) (ntdll:0x0000000077C40000) ( 0x0, 0x30, 0xde458000, 0x10c8 ) 
0x000007FEFDC010AC	NULL (NULL:0) (KERNELBASE:0x000007FEFDC00000) ( 0x300ac18, 0x300ac18, 0x0, 0x10c8 ) 
0x000007FEDB3DCE14	NULL (NULL:0) (baselibmt:0x000007FEDB300000) ( 0x0, 0x320c768, 0x0, 0x0 ) 
0x0000000143D4D54E	NULL (NULL:0) (xtop:0x000000013FF40000) ( 0x320c768, 0x0, 0x0, 0x0 ) 
0x000007FEDB3E0953	NULL (NULL:0) (baselibmt:0x000007FEDB300000) ( 0xa050300, 0x0, 0x2a7d240, 0x0 ) 
0x0000000079671DB7	NULL (NULL:0) (MSVCR100:0x0000000079650000) ( 0x79701ac0, 0xa0503e0, 0x0, 0x0 ) 
0x0000000079671E53	NULL (NULL:0) (MSVCR100:0x0000000079650000) ( 0x0, 0x0, 0x0, 0x0 ) 
0x0000000077B359CD	NULL (NULL:0) (kernel32:0x0000000077B20000) ( 0x0, 0x0, 0x0, 0x0 ) 

Thread 6232
=====================
0x0000000077C8BB7A	NULL (NULL:0) (ntdll:0x0000000077C40000) ( 0x0, 0x30, 0xde458000, 0x5f4 ) 
0x000007FEFDC010AC	NULL (NULL:0) (KERNELBASE:0x000007FEFDC00000) ( 0x300ac90, 0x300ac90, 0x0, 0x5f4 ) 
0x000007FEDB3DCE14	NULL (NULL:0) (baselibmt:0x000007FEDB300000) ( 0x0, 0x320c470, 0x0, 0x0 ) 
0x0000000143D4D54E	NULL (NULL:0) (xtop:0x000000013FF40000) ( 0x320c470, 0x0, 0x0, 0x0 ) 
0x000007FEDB3E0953	NULL (NULL:0) (baselibmt:0x000007FEDB300000) ( 0xa04fe00, 0x0, 0xa065380, 0x0 ) 
0x0000000079671DB7	NULL (NULL:0) (MSVCR100:0x0000000079650000) ( 0x79701ac0, 0xa04fe40, 0x0, 0x0 ) 
0x0000000079671E53	NULL (NULL:0) (MSVCR100:0x0000000079650000) ( 0x0, 0x0, 0x0, 0x0 ) 
0x0000000077B359CD	NULL (NULL:0) (kernel32:0x0000000077B20000) ( 0x0, 0x0, 0x0, 0x0 ) 

Thread 2288
=====================
0x0000000077C8BB7A	NULL (NULL:0) (ntdll:0x0000000077C40000) ( 0x8, 0xde460185, 0x8, 0x3063748 ) 
0x000007FEFDC010AC	NULL (NULL:0) (KERNELBASE:0x000007FEFDC00000) ( 0x2a7cdd8, 0x0, 0x0, 0x678 ) 
0x000007FEDB31CB09	NULL (NULL:0) (baselibmt:0x000007FEDB300000) ( 0xdb4bacc0, 0x1, 0x12914a8, 0x40 ) 
0x000007FEDB3E0BA5	NULL (NULL:0) (baselibmt:0x000007FEDB300000) ( 0xa04fe00, 0x0, 0x2a7cdc0, 0x7fffffff ) 
0x0000000079671DB7	NULL (NULL:0) (MSVCR100:0x0000000079650000) ( 0x79701ac0, 0xa04fe40, 0x0, 0x0 ) 
0x0000000079671E53	NULL (NULL:0) (MSVCR100:0x0000000079650000) ( 0x0, 0x0, 0x0, 0x0 ) 
0x0000000077B359CD	NULL (NULL:0) (kernel32:0x0000000077B20000) ( 0x0, 0x0, 0x0, 0x0 ) 

Thread 5560
=====================
0x0000000077C8D43A	NULL (NULL:0) (ntdll:0x0000000077C40000) ( 0x0, 0xa68320, 0x0, 0x0 ) 
0x0000000077C5EBED	NULL (NULL:0) (ntdll:0x0000000077C40000) ( 0xa68320, 0x0, 0xa68320, 0x0 ) 
0x0000000077B359CD	NULL (NULL:0) (kernel32:0x0000000077B20000) ( 0x0, 0x0, 0x0, 0x0 ) 

Thread 8164
=====================
0x0000000077C8D43A	NULL (NULL:0) (ntdll:0x0000000077C40000) ( 0x60000, 0xa68320, 0x0, 0x0 ) 
0x0000000077C5EBED	NULL (NULL:0) (ntdll:0x0000000077C40000) ( 0xa68320, 0x0, 0xa68320, 0x0 ) 
0x0000000077B359CD	NULL (NULL:0) (kernel32:0x0000000077B20000) ( 0x0, 0x0, 0x0, 0x0 ) 

Thread 604
=====================
0x0000000077C8D43A	NULL (NULL:0) (ntdll:0x0000000077C40000) ( 0x0, 0xa68320, 0x0, 0x0 ) 
0x0000000077C5EBED	NULL (NULL:0) (ntdll:0x0000000077C40000) ( 0xa68320, 0x0, 0xa68320, 0x0 ) 
0x0000000077B359CD	NULL (NULL:0) (kernel32:0x0000000077B20000) ( 0x0, 0x0, 0x0, 0x0 ) 

Thread 7176
=====================
0x0000000077C8D43A	NULL (NULL:0) (ntdll:0x0000000077C40000) ( 0x20000, 0xa68320, 0x0, 0x0 ) 
0x0000000077C5EBED	NULL (NULL:0) (ntdll:0x0000000077C40000) ( 0xa68320, 0x0, 0xa68320, 0x0 ) 
0x0000000077B359CD	NULL (NULL:0) (kernel32:0x0000000077B20000) ( 0x0, 0x0, 0x0, 0x0 ) 

Thread 8060
=====================
0x0000000077C8D43A	NULL (NULL:0) (ntdll:0x0000000077C40000) ( 0x0, 0x0, 0x1b14e310, 0xa68320 ) 
0x0000000077C5EBED	NULL (NULL:0) (ntdll:0x0000000077C40000) ( 0xa68320, 0x7, 0xa68320, 0x1afe1010 ) 
0x0000000077B359CD	NULL (NULL:0) (kernel32:0x0000000077B20000) ( 0x0, 0x0, 0x0, 0x0 ) 

Thread 5188
=====================
0x0000000077C8D43A	NULL (NULL:0) (ntdll:0x0000000077C40000) ( 0x20000, 0xa68320, 0x0, 0x0 ) 
0x0000000077C5EBED	NULL (NULL:0) (ntdll:0x0000000077C40000) ( 0xa68320, 0x0, 0xa68320, 0x0 ) 
0x0000000077B359CD	NULL (NULL:0) (kernel32:0x0000000077B20000) ( 0x0, 0x0, 0x0, 0x0 ) 

Thread 5184
=====================
0x0000000077C8D43A	NULL (NULL:0) (ntdll:0x0000000077C40000) ( 0x0, 0xa68320, 0x0, 0x0 ) 
0x0000000077C5EBED	NULL (NULL:0) (ntdll:0x0000000077C40000) ( 0xa68320, 0x0, 0xa68320, 0x0 ) 
0x0000000077B359CD	NULL (NULL:0) (kernel32:0x0000000077B20000) ( 0x0, 0x0, 0x0, 0x0 ) 

Thread 7640
=====================
0x0000000077C8D43A	NULL (NULL:0) (ntdll:0x0000000077C40000) ( 0x0, 0xa68320, 0x0, 0x0 ) 
0x0000000077C5EBED	NULL (NULL:0) (ntdll:0x0000000077C40000) ( 0xa68320, 0x0, 0xa68320, 0x0 ) 
0x0000000077B359CD	NULL (NULL:0) (kernel32:0x0000000077B20000) ( 0x0, 0x0, 0x0, 0x0 ) 

Thread 6084
=====================
0x0000000077C8BB7A	NULL (NULL:0) (ntdll:0x0000000077C40000) ( 0x1, 0x4f61710, 0xffffffff, 0x0 ) 
0x000007FEFDC010AC	NULL (NULL:0) (KERNELBASE:0x000007FEFDC00000) ( 0x0, 0x0, 0x0, 0x790 ) 
0x000007FED9CE9D8E	NULL (NULL:0) (mshtml:0x000007FED9150000) ( 0x0, 0x0, 0x0, 0x0 ) 
0x0000000077B359CD	NULL (NULL:0) (kernel32:0x0000000077B20000) ( 0x0, 0x0, 0x0, 0x0 ) 

Thread 7188
=====================
0x0000000077C8BB7A	NULL (NULL:0) (ntdll:0x0000000077C40000) ( 0x0, 0x0, 0x0, 0x0 ) 
0x000007FEFDC010AC	NULL (NULL:0) (KERNELBASE:0x000007FEFDC00000) ( 0x0, 0x0, 0x0, 0x7b0 ) 
0x000007FED9B48C39	NULL (NULL:0) (mshtml:0x000007FED9150000) ( 0xaf8eb0, 0xaea630, 0x0, 0x0 ) 
0x000007FEFF79415F	NULL (NULL:0) (msvcrt:0x000007FEFF790000) ( 0xff821ea0, 0xaea630, 0x0, 0x0 ) 
0x000007FEFF796EBD	NULL (NULL:0) (msvcrt:0x000007FEFF790000) ( 0x0, 0x0, 0x0, 0x0 ) 
0x0000000077B359CD	NULL (NULL:0) (kernel32:0x0000000077B20000) ( 0x0, 0x0, 0x0, 0x0 ) 

Thread 7960
=====================
0x0000000077C8BB7A	NULL (NULL:0) (ntdll:0x0000000077C40000) ( 0x0, 0x0, 0x0, 0x0 ) 
0x000007FEFDC010AC	NULL (NULL:0) (KERNELBASE:0x000007FEFDC00000) ( 0x0, 0x0, 0x0, 0x7a4 ) 
0x000007FED9B48C39	NULL (NULL:0) (mshtml:0x000007FED9150000) ( 0xaf8ef0, 0xaea630, 0x0, 0x0 ) 
0x000007FEFF79415F	NULL (NULL:0) (msvcrt:0x000007FEFF790000) ( 0xff821ea0, 0xaea630, 0x0, 0x0 ) 
0x000007FEFF796EBD	NULL (NULL:0) (msvcrt:0x000007FEFF790000) ( 0x0, 0x0, 0x0, 0x0 ) 
0x0000000077B359CD	NULL (NULL:0) (kernel32:0x0000000077B20000) ( 0x0, 0x0, 0x0, 0x0 ) 

Thread 3392
=====================
0x0000000077C8C0EA	NULL (NULL:0) (ntdll:0x0000000077C40000) ( 0x0, 0x0, 0x0, 0x0 ) 
0x000007FEFDC01430	NULL (NULL:0) (KERNELBASE:0x000007FEFDC00000) ( 0xd3bf790, 0xd3bf780, 0x0, 0xaec1c0 ) 
0x0000000077B416E3	NULL (NULL:0) (kernel32:0x0000000077B20000) ( 0xaec1c0, 0x0, 0xffffffff, 0xd3bf860 ) 
0x000007FED9B491DE	NULL (NULL:0) (mshtml:0x000007FED9150000) ( 0xaec1c0, 0xaea630, 0x0, 0xff791407 ) 
0x000007FED9B47C98	NULL (NULL:0) (mshtml:0x000007FED9150000) ( 0xaec1c0, 0x0, 0x0, 0x0 ) 
0x000007FEFF79415F	NULL (NULL:0) (msvcrt:0x000007FEFF790000) ( 0xff821ea0, 0xaea630, 0x0, 0x0 ) 
0x000007FEFF796EBD	NULL (NULL:0) (msvcrt:0x000007FEFF790000) ( 0x0, 0x0, 0x0, 0x0 ) 
0x0000000077B359CD	NULL (NULL:0) (kernel32:0x0000000077B20000) ( 0x0, 0x0, 0x0, 0x0 ) 

Thread 7156
=====================
0x0000000077C8C0EA	NULL (NULL:0) (ntdll:0x0000000077C40000) ( 0x23f1f5f0, 0x0, 0x23f1f5b0, 0xc ) 
0x000007FEFDC01430	NULL (NULL:0) (KERNELBASE:0x000007FEFDC00000) ( 0x23f1f6d0, 0x23f1f6c0, 0x0, 0x23f1f710 ) 
0x0000000077B416E3	NULL (NULL:0) (kernel32:0x0000000077B20000) ( 0x23f1f750, 0x927c0, 0x1, 0x7cc ) 
0x0000000077A38FAD	NULL (NULL:0) (USER32:0x0000000077A20000) ( 0x23f1f8a0, 0x1cf2c390, 0x1, 0x23f1f890 ) 
0x0000000077A362AE	NULL (NULL:0) (USER32:0x0000000077A20000) ( 0x23f1f890, 0x0, 0x23f1f8a0, 0x1cf2c390 ) 
0x000007FEFFD4ACB6	NULL (NULL:0) (ole32:0x000007FEFFD40000) ( 0x80010115, 0x23f1f9a0, 0x80010115, 0xd9168c23 ) 
0x000007FEFFE6A402	NULL (NULL:0) (ole32:0x000007FEFFD40000) ( 0x1cf77700, 0x1cf6a000, 0x0, 0x1cf2c390 ) 
0x000007FED93A5288	NULL (NULL:0) (mshtml:0x000007FED9150000) ( 0x0, 0xd93a5170, 0x0, 0x0 ) 
0x000007FED93B6E52	NULL (NULL:0) (mshtml:0x000007FED9150000) ( 0x0, 0xd9150000, 0x0, 0x0 ) 
0x0000000077B359CD	NULL (NULL:0) (kernel32:0x0000000077B20000) ( 0x0, 0x0, 0x0, 0x0 ) 

Thread 1712
=====================
0x0000000077C8BE7A	NULL (NULL:0) (ntdll:0x0000000077C40000) ( 0x246efd98, 0x0, 0x0, 0x0 ) 
0x000007FEFDC01203	NULL (NULL:0) (KERNELBASE:0x000007FEFDC00000) ( 0x1e590fd0, 0x0, 0x0, 0x0 ) 
0x000007FEFFD501E8	NULL (NULL:0) (ole32:0x000007FEFFD40000) ( 0x1e590fd0, 0xffd5465a, 0x0, 0x0 ) 
0x000007FEFFD5011E	NULL (NULL:0) (ole32:0x000007FEFFD40000) ( 0x0, 0x0, 0x0, 0x0 ) 
0x000007FEFFD5019A	NULL (NULL:0) (ole32:0x000007FEFFD40000) ( 0x0, 0x0, 0x0, 0x0 ) 
0x0000000077B359CD	NULL (NULL:0) (kernel32:0x0000000077B20000) ( 0x0, 0x0, 0x0, 0x0 ) 

Thread 1004
=====================
0x0000000077C8D43A	NULL (NULL:0) (ntdll:0x0000000077C40000) ( 0x20000, 0x0, 0x1b19bf00, 0x1e4f1d70 ) 
0x0000000077C5EBED	NULL (NULL:0) (ntdll:0x0000000077C40000) ( 0x1e4f1d70, 0x10008, 0x1e4f1d70, 0x1afe2270 ) 
0x0000000077B359CD	NULL (NULL:0) (kernel32:0x0000000077B20000) ( 0x0, 0x0, 0x0, 0x0 ) 

Thread 1088
=====================
0x0000000077C8BB7A	NULL (NULL:0) (ntdll:0x0000000077C40000) ( 0x0, 0x0, 0x0, 0x1 ) 
0x000007FEFDC010AC	NULL (NULL:0) (KERNELBASE:0x000007FEFDC00000) ( 0x1cf8c000, 0xd91a4680, 0x0, 0x8c4 ) 
0x000007FED926C6C2	NULL (NULL:0) (mshtml:0x000007FED9150000) ( 0x1cf8c000, 0xd91b69e0, 0x0, 0x0 ) 
0x000007FED93B6E52	NULL (NULL:0) (mshtml:0x000007FED9150000) ( 0x0, 0xd9150000, 0x0, 0x0 ) 
0x0000000077B359CD	NULL (NULL:0) (kernel32:0x0000000077B20000) ( 0x0, 0x0, 0x0, 0x0 ) 

Thread 5712
=====================
0x0000000077C8D43A	NULL (NULL:0) (ntdll:0x0000000077C40000) ( 0x60000, 0x0, 0x60000, 0x27dafbd0 ) 
0x0000000077C5EBED	NULL (NULL:0) (ntdll:0x0000000077C40000) ( 0x8, 0x7, 0x9fdb20, 0x1afe1d30 ) 
0x0000000077B359CD	NULL (NULL:0) (kernel32:0x0000000077B20000) ( 0x0, 0x0, 0x0, 0x0 ) 

Thread 6604
=====================
0x0000000077A39E6A	NULL (NULL:0) (USER32:0x0000000077A20000) ( 0x0, 0x0, 0x0, 0x0 ) 
0x0000000077A3614E	NULL (NULL:0) (USER32:0x0000000077A20000) ( 0x1, 0xfb5be2c0, 0x0, 0x8fc ) 
0x000007FEFB5910D5	NULL (NULL:0) (WINMM:0x000007FEFB590000) ( 0x0, 0x0, 0x0, 0x0 ) 
0x0000000077B359CD	NULL (NULL:0) (kernel32:0x0000000077B20000) ( 0x0, 0x0, 0x0, 0x0 ) 

Thread 6316
=====================
0x0000000077C8BB7A	NULL (NULL:0) (ntdll:0x0000000077C40000) ( 0xca39158, 0xde45208b, 0xfffffffe, 0xca36010 ) 
0x000007FEFDC010AC	NULL (NULL:0) (KERNELBASE:0x000007FEFDC00000) ( 0x1, 0x1, 0x0, 0x9b0 ) 
0x000007FEDB31CAC5	NULL (NULL:0) (baselibmt:0x000007FEDB300000) ( 0xcb2a550, 0xca36080, 0x1, 0x0 ) 
0x000007FEDD458BE4	NULL (NULL:0) (asyncoremt:0x000007FEDD430000) ( 0x15799020, 0x1291320, 0x0, 0xca36010 ) 
0x000007FEDD456ABD	NULL (NULL:0) (asyncoremt:0x000007FEDD430000) ( 0x15799020, 0x0, 0x0, 0x0 ) 
0x0000000079671DB7	NULL (NULL:0) (MSVCR100:0x0000000079650000) ( 0x79701ac0, 0x15799020, 0x0, 0x0 ) 
0x0000000079671E53	NULL (NULL:0) (MSVCR100:0x0000000079650000) ( 0x0, 0x0, 0x0, 0x0 ) 
0x0000000077B359CD	NULL (NULL:0) (kernel32:0x0000000077B20000) ( 0x0, 0x0, 0x0, 0x0 ) 

Thread 7096
=====================
0x0000000077C8BB7A	NULL (NULL:0) (ntdll:0x0000000077C40000) ( 0xca40590, 0xde45208b, 0xca40590, 0x0 ) 
0x000007FEFDC010AC	NULL (NULL:0) (KERNELBASE:0x000007FEFDC00000) ( 0xa065698, 0x0, 0x0, 0xb74 ) 
0x000007FEDB31CB09	NULL (NULL:0) (baselibmt:0x000007FEDB300000) ( 0x3213378, 0x1, 0x12914a8, 0x40 ) 
0x000007FEDB3E0BA5	NULL (NULL:0) (baselibmt:0x000007FEDB300000) ( 0x15799000, 0x0, 0xa065680, 0x7fffffff ) 
0x0000000079671DB7	NULL (NULL:0) (MSVCR100:0x0000000079650000) ( 0x79701ac0, 0x15799020, 0x0, 0x0 ) 
0x0000000079671E53	NULL (NULL:0) (MSVCR100:0x0000000079650000) ( 0x0, 0x0, 0x0, 0x0 ) 
0x0000000077B359CD	NULL (NULL:0) (kernel32:0x0000000077B20000) ( 0x0, 0x0, 0x0, 0x0 ) 

Thread 3644
=====================
0x0000000077C8BB7A	NULL (NULL:0) (ntdll:0x0000000077C40000) ( 0xca3a968, 0xde45208b, 0xfffffffe, 0xca3a968 ) 
0x000007FEFDC010AC	NULL (NULL:0) (KERNELBASE:0x000007FEFDC00000) ( 0x1, 0x1, 0x0, 0xb34 ) 
0x000007FEDB31CAC5	NULL (NULL:0) (baselibmt:0x000007FEDB300000) ( 0xca35280, 0xca39e30, 0x1, 0x0 ) 
0x000007FEDD458BE4	NULL (NULL:0) (asyncoremt:0x000007FEDD430000) ( 0x157992f0, 0x1291320, 0x0, 0x130c120 ) 
0x000007FEDD456ABD	NULL (NULL:0) (asyncoremt:0x000007FEDD430000) ( 0x157992f0, 0x0, 0x0, 0x0 ) 
0x0000000079671DB7	NULL (NULL:0) (MSVCR100:0x0000000079650000) ( 0x79701ac0, 0x157992f0, 0x0, 0x0 ) 
0x0000000079671E53	NULL (NULL:0) (MSVCR100:0x0000000079650000) ( 0x0, 0x0, 0x0, 0x0 ) 
0x0000000077B359CD	NULL (NULL:0) (kernel32:0x0000000077B20000) ( 0x0, 0x0, 0x0, 0x0 ) 

Thread 6408
=====================
0x0000000077C8C0EA	NULL (NULL:0) (ntdll:0x0000000077C40000) ( 0x0, 0x0, 0x0, 0x26b71fd8 ) 
0x000007FEFDC01430	NULL (NULL:0) (KERNELBASE:0x000007FEFDC00000) ( 0x17cbf800, 0x17cbf7f0, 0x0, 0xcb7c2a10 ) 
0x0000000077B416E3	NULL (NULL:0) (kernel32:0x0000000077B20000) ( 0x26b71df0, 0x0, 0xffffffff, 0x17cbf8a0 ) 
0x000007FECB7B220E	NULL (NULL:0) (jscript9:0x000007FECB7B0000) ( 0x26b71df0, 0xb771a0, 0x0, 0xff791407 ) 
0x000007FECB8E6E88	NULL (NULL:0) (jscript9:0x000007FECB7B0000) ( 0x26b71df0, 0x0, 0x0, 0x0 ) 
0x000007FEFF79415F	NULL (NULL:0) (msvcrt:0x000007FEFF790000) ( 0xff821ea0, 0xb771a0, 0x0, 0x0 ) 
0x000007FEFF796EBD	NULL (NULL:0) (msvcrt:0x000007FEFF790000) ( 0x0, 0x0, 0x0, 0x0 ) 
0x0000000077B359CD	NULL (NULL:0) (kernel32:0x0000000077B20000) ( 0x0, 0x0, 0x0, 0x0 ) 

Thread 5912
=====================
0x0000000077C8BB7A	NULL (NULL:0) (ntdll:0x0000000077C40000) ( 0x26c18b00, 0xcb7b827e, 0x1000, 0x1959f000 ) 
0x000007FEFDC010AC	NULL (NULL:0) (KERNELBASE:0x000007FEFDC00000) ( 0xb49078, 0x0, 0x0, 0xb20 ) 
0x000007FECB7B4256	NULL (NULL:0) (jscript9:0x000007FECB7B0000) ( 0xb49078, 0xffffffff, 0xb49078, 0xcb7b86a0 ) 
0x000007FECB7B4289	NULL (NULL:0) (jscript9:0x000007FECB7B0000) ( 0xb48f60, 0xb48f60, 0x0, 0xff791407 ) 
0x000007FECB820F99	NULL (NULL:0) (jscript9:0x000007FECB7B0000) ( 0xb48f60, 0x0, 0x0, 0x0 ) 
0x000007FEFF79415F	NULL (NULL:0) (msvcrt:0x000007FEFF790000) ( 0xff821ea0, 0xb771a0, 0x0, 0x0 ) 
0x000007FEFF796EBD	NULL (NULL:0) (msvcrt:0x000007FEFF790000) ( 0x0, 0x0, 0x0, 0x0 ) 
0x0000000077B359CD	NULL (NULL:0) (kernel32:0x0000000077B20000) ( 0x0, 0x0, 0x0, 0x0 ) 

Thread 7712
=====================
0x0000000077C8BB7A	NULL (NULL:0) (ntdll:0x0000000077C40000) ( 0x217002f8, 0xde45208b, 0xfffffffe, 0xdd431caa ) 
0x000007FEFDC010AC	NULL (NULL:0) (KERNELBASE:0x000007FEFDC00000) ( 0x1, 0x1, 0x0, 0xae4 ) 
0x000007FEDB31CAC5	NULL (NULL:0) (baselibmt:0x000007FEDB300000) ( 0xca35220, 0xca3b0c0, 0x1, 0x0 ) 
0x000007FEDD458BE4	NULL (NULL:0) (asyncoremt:0x000007FEDD430000) ( 0x15799b60, 0x1291320, 0x0, 0xca3aeb0 ) 
0x000007FEDD456ABD	NULL (NULL:0) (asyncoremt:0x000007FEDD430000) ( 0x15799b60, 0x0, 0x0, 0x0 ) 
0x0000000079671DB7	NULL (NULL:0) (MSVCR100:0x0000000079650000) ( 0x79701ac0, 0x15799b60, 0x0, 0x0 ) 
0x0000000079671E53	NULL (NULL:0) (MSVCR100:0x0000000079650000) ( 0x0, 0x0, 0x0, 0x0 ) 
0x0000000077B359CD	NULL (NULL:0) (kernel32:0x0000000077B20000) ( 0x0, 0x0, 0x0, 0x0 ) 

Thread 5428
=====================
0x0000000077C8BB7A	NULL (NULL:0) (ntdll:0x0000000077C40000) ( 0x2e9efbf8, 0xde45208b, 0xfffffffe, 0xdd431caa ) 
0x000007FEFDC010AC	NULL (NULL:0) (KERNELBASE:0x000007FEFDC00000) ( 0x1, 0x1, 0x0, 0xaf4 ) 
0x000007FEDB31CAC5	NULL (NULL:0) (baselibmt:0x000007FEDB300000) ( 0xcb2a550, 0xca3b2e0, 0x1, 0x0 ) 
0x000007FEDD458BE4	NULL (NULL:0) (asyncoremt:0x000007FEDD430000) ( 0x15799e30, 0x1291320, 0x0, 0xca3b050 ) 
0x000007FEDD456ABD	NULL (NULL:0) (asyncoremt:0x000007FEDD430000) ( 0x15799e30, 0x0, 0x0, 0x0 ) 
0x0000000079671DB7	NULL (NULL:0) (MSVCR100:0x0000000079650000) ( 0x79701ac0, 0x15799e30, 0x0, 0x0 ) 
0x0000000079671E53	NULL (NULL:0) (MSVCR100:0x0000000079650000) ( 0x0, 0x0, 0x0, 0x0 ) 
0x0000000077B359CD	NULL (NULL:0) (kernel32:0x0000000077B20000) ( 0x0, 0x0, 0x0, 0x0 ) 

Thread 7912
=====================
0x0000000077C8D43A	NULL (NULL:0) (ntdll:0x0000000077C40000) ( 0x0, 0x0, 0x0, 0x2fa4fa10 ) 
0x0000000077C5EBED	NULL (NULL:0) (ntdll:0x0000000077C40000) ( 0x3, 0x3, 0x9fdb20, 0x1afe2a50 ) 
0x0000000077B359CD	NULL (NULL:0) (kernel32:0x0000000077B20000) ( 0x0, 0x0, 0x0, 0x0 ) 

Thread 3864
=====================
0x0000000077C8D43A	NULL (NULL:0) (ntdll:0x0000000077C40000) ( 0x40000, 0x40000, 0xf58fc9e0, 0x9fdb20 ) 
0x0000000077C5EBED	NULL (NULL:0) (ntdll:0x0000000077C40000) ( 0x8, 0x10007, 0x9fdb20, 0x1e2b3f20 ) 
0x0000000077B359CD	NULL (NULL:0) (kernel32:0x0000000077B20000) ( 0x0, 0x0, 0x0, 0x0 ) 

Thread 2844
=====================
0x0000000077C8D43A	NULL (NULL:0) (ntdll:0x0000000077C40000) ( 0x30000, 0x30000, 0xf58fc9e0, 0x9fdb20 ) 
0x0000000077C5EBED	NULL (NULL:0) (ntdll:0x0000000077C40000) ( 0x8, 0x10007, 0x9fdb20, 0x1e2b3f20 ) 
0x0000000077B359CD	NULL (NULL:0) (kernel32:0x0000000077B20000) ( 0x0, 0x0, 0x0, 0x0 ) 

Thread 7392
=====================
0x0000000077C8D43A	NULL (NULL:0) (ntdll:0x0000000077C40000) ( 0x0, 0x0, 0xf58fc9e0, 0x9fdb20 ) 
0x0000000077C5EBED	NULL (NULL:0) (ntdll:0x0000000077C40000) ( 0x8, 0x10007, 0x9fdb20, 0x1e2b3f20 ) 
0x0000000077B359CD	NULL (NULL:0) (kernel32:0x0000000077B20000) ( 0x0, 0x0, 0x0, 0x0 ) 

Thread 1896
=====================
0x0000000077C8D43A	NULL (NULL:0) (ntdll:0x0000000077C40000) ( 0x60000, 0x9fdb20, 0x0, 0x0 ) 
0x0000000077C5EBED	NULL (NULL:0) (ntdll:0x0000000077C40000) ( 0x9fdb20, 0x10007, 0x9fdb20, 0x0 ) 
0x0000000077B359CD	NULL (NULL:0) (kernel32:0x0000000077B20000) ( 0x0, 0x0, 0x0, 0x0 ) 

Thread 7480
=====================
0x0000000077C8C0EA	NULL (NULL:0) (ntdll:0x0000000077C40000) ( 0x1e5f8c90, 0xd9b4121b, 0x0, 0x3b ) 
0x000007FEFDC01430	NULL (NULL:0) (KERNELBASE:0x000007FEFDC00000) ( 0x1c55faa0, 0x1c55fa90, 0x0, 0x1c55fae0 ) 
0x0000000077B416E3	NULL (NULL:0) (kernel32:0x0000000077B20000) ( 0x1c55fb20, 0x927c0, 0x1, 0xc04 ) 
0x0000000077A38FAD	NULL (NULL:0) (USER32:0x0000000077A20000) ( 0x1c55fc70, 0x1cfaabe0, 0x1, 0x1c55fc60 ) 
0x0000000077A362AE	NULL (NULL:0) (USER32:0x0000000077A20000) ( 0x1c55fc60, 0x0, 0x1c55fc70, 0x1cfaabe0 ) 
0x000007FEFFD4ACB6	NULL (NULL:0) (ole32:0x000007FEFFD40000) ( 0x80010115, 0x1c55fd70, 0x80010115, 0x0 ) 
0x000007FEFFE6A402	NULL (NULL:0) (ole32:0x000007FEFFD40000) ( 0x1cfebc00, 0x0, 0xd944d310, 0x1cfaab80 ) 
0x000007FED93A5288	NULL (NULL:0) (mshtml:0x000007FED9150000) ( 0x0, 0xd93a5170, 0x0, 0x0 ) 
0x000007FED93B6E52	NULL (NULL:0) (mshtml:0x000007FED9150000) ( 0x0, 0xd9150000, 0x0, 0x0 ) 
0x0000000077B359CD	NULL (NULL:0) (kernel32:0x0000000077B20000) ( 0x0, 0x0, 0x0, 0x0 ) 

Thread 3004
=====================
0x0000000077C8C0EA	NULL (NULL:0) (ntdll:0x0000000077C40000) ( 0x1e5c8720, 0x14000014, 0x80000000, 0xe30000e3 ) 
0x000007FEFDC01430	NULL (NULL:0) (KERNELBASE:0x000007FEFDC00000) ( 0x1f9df7f0, 0x1f9df7e0, 0x0, 0x1f9df830 ) 
0x0000000077B416E3	NULL (NULL:0) (kernel32:0x0000000077B20000) ( 0x1f9df870, 0x927c0, 0x1, 0xc28 ) 
0x0000000077A38FAD	NULL (NULL:0) (USER32:0x0000000077A20000) ( 0x1f9df9c0, 0x1cfa97f0, 0x1, 0x1f9df9b0 ) 
0x0000000077A362AE	NULL (NULL:0) (USER32:0x0000000077A20000) ( 0x1f9df9b0, 0x0, 0x1f9df9c0, 0x1cfa97f0 ) 
0x000007FEFFD4ACB6	NULL (NULL:0) (ole32:0x000007FEFFD40000) ( 0x80010115, 0x1f9dfac0, 0x80010115, 0x0 ) 
0x000007FEFFE6A402	NULL (NULL:0) (ole32:0x000007FEFFD40000) ( 0x2a108000, 0x0, 0xd944d310, 0x1cfa9790 ) 
0x000007FED93A5288	NULL (NULL:0) (mshtml:0x000007FED9150000) ( 0x0, 0xd93a5170, 0x0, 0x0 ) 
0x000007FED93B6E52	NULL (NULL:0) (mshtml:0x000007FED9150000) ( 0x0, 0xd9150000, 0x0, 0x0 ) 
0x0000000077B359CD	NULL (NULL:0) (kernel32:0x0000000077B20000) ( 0x0, 0x0, 0x0, 0x0 ) 

Thread 6744
=====================
0x0000000077C8D43A	NULL (NULL:0) (ntdll:0x0000000077C40000) ( 0x20000, 0x1e41b970, 0x0, 0x0 ) 
0x0000000077C5EBED	NULL (NULL:0) (ntdll:0x0000000077C40000) ( 0x1e41b970, 0x0, 0x1e41b970, 0x0 ) 
0x0000000077B359CD	NULL (NULL:0) (kernel32:0x0000000077B20000) ( 0x0, 0x0, 0x0, 0x0 ) 

Thread 4744
=====================
0x0000000077C8BB7A	NULL (NULL:0) (ntdll:0x0000000077C40000) ( 0x3cc15e50, 0x1, 0xca45908, 0x0 ) 
0x000007FEFDC010AC	NULL (NULL:0) (KERNELBASE:0x000007FEFDC00000) ( 0xdd4af7c0, 0x0, 0x0, 0x1c8 ) 
0x000007FEDB31CB09	NULL (NULL:0) (baselibmt:0x000007FEDB300000) ( 0xca3fd40, 0x1, 0x0, 0xca3ffa0 ) 
0x000007FEDD45B535	NULL (NULL:0) (asyncoremt:0x000007FEDD430000) ( 0xca3fd01, 0x0, 0x0, 0xca3b4d0 ) 
0x000007FEDD45BDD3	NULL (NULL:0) (asyncoremt:0x000007FEDD430000) ( 0xdd4ad9c0, 0x0, 0x0, 0x0 ) 
0x000007FEDB3E0953	NULL (NULL:0) (baselibmt:0x000007FEDB300000) ( 0x1579b700, 0x0, 0xa065600, 0x0 ) 
0x0000000079671DB7	NULL (NULL:0) (MSVCR100:0x0000000079650000) ( 0x79701ac0, 0x1579b780, 0x0, 0x0 ) 
0x0000000079671E53	NULL (NULL:0) (MSVCR100:0x0000000079650000) ( 0x0, 0x0, 0x0, 0x0 ) 
0x0000000077B359CD	NULL (NULL:0) (kernel32:0x0000000077B20000) ( 0x0, 0x0, 0x0, 0x0 ) 

Thread 4396
=====================
0x0000000077C8BB7A	NULL (NULL:0) (ntdll:0x0000000077C40000) ( 0xcb2adb0, 0x1, 0xca45908, 0x0 ) 
0x000007FEFDC010AC	NULL (NULL:0) (KERNELBASE:0x000007FEFDC00000) ( 0xdd4af7c0, 0x0, 0x0, 0x1c8 ) 
0x000007FEDB31CB09	NULL (NULL:0) (baselibmt:0x000007FEDB300000) ( 0xca3fe70, 0x2, 0x0, 0xca3ffa0 ) 
0x000007FEDD45B535	NULL (NULL:0) (asyncoremt:0x000007FEDD430000) ( 0xca3fe01, 0x0, 0x0, 0xca3b6c0 ) 
0x000007FEDD45BDD3	NULL (NULL:0) (asyncoremt:0x000007FEDD430000) ( 0xdd4ada38, 0x0, 0x0, 0x0 ) 
0x000007FEDB3E0953	NULL (NULL:0) (baselibmt:0x000007FEDB300000) ( 0x1579ba00, 0x0, 0xa065700, 0x0 ) 
0x0000000079671DB7	NULL (NULL:0) (MSVCR100:0x0000000079650000) ( 0x79701ac0, 0x1579ba50, 0x0, 0x0 ) 
0x0000000079671E53	NULL (NULL:0) (MSVCR100:0x0000000079650000) ( 0x0, 0x0, 0x0, 0x0 ) 
0x0000000077B359CD	NULL (NULL:0) (kernel32:0x0000000077B20000) ( 0x0, 0x0, 0x0, 0x0 ) 

Thread 5112
=====================
0x0000000077C8BB7A	NULL (NULL:0) (ntdll:0x0000000077C40000) ( 0x3cb85050, 0x1, 0xca3fac8, 0x0 ) 
0x000007FEFDC010AC	NULL (NULL:0) (KERNELBASE:0x000007FEFDC00000) ( 0xdd4af7c0, 0x0, 0x0, 0x1c8 ) 
0x000007FEDB31CB09	NULL (NULL:0) (baselibmt:0x000007FEDB300000) ( 0xca3ffa0, 0x1, 0x0, 0xca3fd40 ) 
0x000007FEDD45B535	NULL (NULL:0) (asyncoremt:0x000007FEDD430000) ( 0xca3ff01, 0x0, 0x0, 0xca3b8b0 ) 
0x000007FEDD45BDD3	NULL (NULL:0) (asyncoremt:0x000007FEDD430000) ( 0xdd4adab0, 0x0, 0x0, 0x0 ) 
0x000007FEDB3E0953	NULL (NULL:0) (baselibmt:0x000007FEDB300000) ( 0x1579b700, 0x0, 0xa065780, 0x0 ) 
0x0000000079671DB7	NULL (NULL:0) (MSVCR100:0x0000000079650000) ( 0x79701ac0, 0x1579b780, 0x0, 0x0 ) 
0x0000000079671E53	NULL (NULL:0) (MSVCR100:0x0000000079650000) ( 0x0, 0x0, 0x0, 0x0 ) 
0x0000000077B359CD	NULL (NULL:0) (kernel32:0x0000000077B20000) ( 0x0, 0x0, 0x0, 0x0 ) 

Thread 5972
=====================
0x0000000077C8BB7A	NULL (NULL:0) (ntdll:0x0000000077C40000) ( 0x3cb850d0, 0x1, 0xca45908, 0x0 ) 
0x000007FEFDC010AC	NULL (NULL:0) (KERNELBASE:0x000007FEFDC00000) ( 0xdd4af7c0, 0x0, 0x0, 0x1c8 ) 
0x000007FEDB31CB09	NULL (NULL:0) (baselibmt:0x000007FEDB300000) ( 0xca400d0, 0x0, 0x0, 0xca3ffa0 ) 
0x000007FEDD45B535	NULL (NULL:0) (asyncoremt:0x000007FEDD430000) ( 0xca40001, 0x0, 0x0, 0xca3baa0 ) 
0x000007FEDD45BDD3	NULL (NULL:0) (asyncoremt:0x000007FEDD430000) ( 0xdd4adb28, 0x0, 0x0, 0x0 ) 
0x000007FEDB3E0953	NULL (NULL:0) (baselibmt:0x000007FEDB300000) ( 0x1579ba00, 0x0, 0xa065800, 0x0 ) 
0x0000000079671DB7	NULL (NULL:0) (MSVCR100:0x0000000079650000) ( 0x79701ac0, 0x1579ba50, 0x0, 0x0 ) 
0x0000000079671E53	NULL (NULL:0) (MSVCR100:0x0000000079650000) ( 0x0, 0x0, 0x0, 0x0 ) 
0x0000000077B359CD	NULL (NULL:0) (kernel32:0x0000000077B20000) ( 0x0, 0x0, 0x0, 0x0 ) 

Thread 5536
=====================
0x0000000077C8BB7A	NULL (NULL:0) (ntdll:0x0000000077C40000) ( 0xcb2ae50, 0x1, 0xca46048, 0x0 ) 
0x000007FEFDC010AC	NULL (NULL:0) (KERNELBASE:0x000007FEFDC00000) ( 0xdd4af7c0, 0x0, 0x0, 0x1c8 ) 
0x000007FEDB31CB09	NULL (NULL:0) (baselibmt:0x000007FEDB300000) ( 0xca40200, 0x6, 0x0, 0xca40200 ) 
0x000007FEDD45B535	NULL (NULL:0) (asyncoremt:0x000007FEDD430000) ( 0xca40201, 0x0, 0x0, 0xca3bc90 ) 
0x000007FEDD45BDD3	NULL (NULL:0) (asyncoremt:0x000007FEDD430000) ( 0xdd4adba0, 0x0, 0x0, 0x0 ) 
0x000007FEDB3E0953	NULL (NULL:0) (baselibmt:0x000007FEDB300000) ( 0x1579b700, 0x0, 0xa065880, 0x0 ) 
0x0000000079671DB7	NULL (NULL:0) (MSVCR100:0x0000000079650000) ( 0x79701ac0, 0x1579b780, 0x0, 0x0 ) 
0x0000000079671E53	NULL (NULL:0) (MSVCR100:0x0000000079650000) ( 0x0, 0x0, 0x0, 0x0 ) 
0x0000000077B359CD	NULL (NULL:0) (kernel32:0x0000000077B20000) ( 0x0, 0x0, 0x0, 0x0 ) 

Thread 1572
=====================
0x0000000077C8BB7A	NULL (NULL:0) (ntdll:0x0000000077C40000) ( 0x3cbb4e50, 0x1, 0xca45b48, 0x0 ) 
0x000007FEFDC010AC	NULL (NULL:0) (KERNELBASE:0x000007FEFDC00000) ( 0xdd4af7c0, 0x0, 0x0, 0x1c8 ) 
0x000007FEDB31CB09	NULL (NULL:0) (baselibmt:0x000007FEDB300000) ( 0xca40330, 0x0, 0x0, 0xca400d0 ) 
0x000007FEDD45B535	NULL (NULL:0) (asyncoremt:0x000007FEDD430000) ( 0xca40301, 0x0, 0x0, 0xca3be80 ) 
0x000007FEDD45BDD3	NULL (NULL:0) (asyncoremt:0x000007FEDD430000) ( 0xdd4adc18, 0x0, 0x0, 0x0 ) 
0x000007FEDB3E0953	NULL (NULL:0) (baselibmt:0x000007FEDB300000) ( 0x1579ba00, 0x0, 0xa065900, 0x0 ) 
0x0000000079671DB7	NULL (NULL:0) (MSVCR100:0x0000000079650000) ( 0x79701ac0, 0x1579ba50, 0x0, 0x0 ) 
0x0000000079671E53	NULL (NULL:0) (MSVCR100:0x0000000079650000) ( 0x0, 0x0, 0x0, 0x0 ) 
0x0000000077B359CD	NULL (NULL:0) (kernel32:0x0000000077B20000) ( 0x0, 0x0, 0x0, 0x0 ) 

Thread 4760
=====================
0x0000000077C8BB7A	NULL (NULL:0) (ntdll:0x0000000077C40000) ( 0xca62790, 0x1, 0xca45b48, 0x0 ) 
0x000007FEFDC010AC	NULL (NULL:0) (KERNELBASE:0x000007FEFDC00000) ( 0xdd4af7c0, 0x0, 0x0, 0x1c8 ) 
0x000007FEDB31CB09	NULL (NULL:0) (baselibmt:0x000007FEDB300000) ( 0xca40460, 0x5, 0x0, 0xca400d0 ) 
0x000007FEDD45B535	NULL (NULL:0) (asyncoremt:0x000007FEDD430000) ( 0xca40401, 0x0, 0x0, 0xca3c070 ) 
0x000007FEDD45BDD3	NULL (NULL:0) (asyncoremt:0x000007FEDD430000) ( 0xdd4adc90, 0x0, 0x0, 0x0 ) 
0x000007FEDB3E0953	NULL (NULL:0) (baselibmt:0x000007FEDB300000) ( 0x1579b700, 0x0, 0xa065980, 0x0 ) 
0x0000000079671DB7	NULL (NULL:0) (MSVCR100:0x0000000079650000) ( 0x79701ac0, 0x1579b780, 0x0, 0x0 ) 
0x0000000079671E53	NULL (NULL:0) (MSVCR100:0x0000000079650000) ( 0x0, 0x0, 0x0, 0x0 ) 
0x0000000077B359CD	NULL (NULL:0) (kernel32:0x0000000077B20000) ( 0x0, 0x0, 0x0, 0x0 ) 

Thread 4664
=====================
0x0000000077C8BB7A	NULL (NULL:0) (ntdll:0x0000000077C40000) ( 0x1, 0x1, 0x1, 0x0 ) 
0x000007FEFDC010AC	NULL (NULL:0) (KERNELBASE:0x000007FEFDC00000) ( 0xffffffff, 0x0, 0x0, 0xfc0 ) 
0x000007FEFB88A80B	NULL (NULL:0) (WINHTTP:0x000007FEFB880000) ( 0x1e3ccf10, 0x9fb320, 0x0, 0x1e6b2a20 ) 
0x000007FEFB88A8B7	NULL (NULL:0) (WINHTTP:0x000007FEFB880000) ( 0x0, 0x0, 0x0, 0x0 ) 
0x000007FEFB887859	NULL (NULL:0) (WINHTTP:0x000007FEFB880000) ( 0x0, 0x0, 0x0, 0x3cb1e7b4 ) 
0x000007FEFA9992EB	NULL (NULL:0) (cryptnet:0x000007FEFA990000) ( 0x1b161068, 0x1b161068, 0x202004, 0x3cb1f9c0 ) 
0x000007FEFA99948D	NULL (NULL:0) (cryptnet:0x000007FEFA990000) ( 0x202004, 0x202004, 0x0, 0x1e3ced90 ) 
0x000007FEFA99991C	NULL (NULL:0) (cryptnet:0x000007FEFA990000) ( 0x202004, 0x6, 0x2540, 0x0 ) 
0x000007FEFA9929B1	NULL (NULL:0) (cryptnet:0x000007FEFA990000) ( 0x0, 0x1e654780, 0x202004, 0x1 ) 
0x000007FEFA992ED8	NULL (NULL:0) (cryptnet:0x000007FEFA990000) ( 0x0, 0x0, 0x1b161040, 0x0 ) 
0x000007FEFA999644	NULL (NULL:0) (cryptnet:0x000007FEFA990000) ( 0x202004, 0x0, 0x0, 0x0 ) 
0x0000000077B359CD	NULL (NULL:0) (kernel32:0x0000000077B20000) ( 0x0, 0x0, 0x0, 0x0 ) 

Thread 1756
=====================
0x0000000077C8BE7A	NULL (NULL:0) (ntdll:0x0000000077C40000) ( 0x3e61f8f8, 0xdc689719, 0x14c4d058, 0x2 ) 
0x000007FEFDC01203	NULL (NULL:0) (KERNELBASE:0x000007FEFDC00000) ( 0x4dd41b60, 0x0, 0x0, 0x0 ) 
0x000007FEDB3DB8E8	NULL (NULL:0) (baselibmt:0x000007FEDB300000) ( 0x4dd41b60, 0x1, 0x0, 0x0 ) 
0x0000000144C55E60	NULL (NULL:0) (xtop:0x000000013FF40000) ( 0x0, 0x7fffffff, 0x1e563180, 0xdc68a2c3 ) 
0x000007FEDC689DB1	NULL (NULL:0) (coretools_sh:0x000007FEDC5F0000) ( 0x2cc4e388, 0x2cc4e388, 0x0, 0x0 ) 
0x000007FEDB3E0953	NULL (NULL:0) (baselibmt:0x000007FEDB300000) ( 0x336d3e00, 0x0, 0xa065a00, 0x0 ) 
0x0000000079671DB7	NULL (NULL:0) (MSVCR100:0x0000000079650000) ( 0x79701ac0, 0x336d3e80, 0x0, 0x0 ) 
0x0000000079671E53	NULL (NULL:0) (MSVCR100:0x0000000079650000) ( 0x0, 0x0, 0x0, 0x0 ) 
0x0000000077B359CD	NULL (NULL:0) (kernel32:0x0000000077B20000) ( 0x0, 0x0, 0x0, 0x0 ) 

Thread 3988
=====================
0x0000000077C8BB7A	NULL (NULL:0) (ntdll:0x0000000077C40000) ( 0x1, 0x1, 0x1, 0x0 ) 
0x000007FEFDC010AC	NULL (NULL:0) (KERNELBASE:0x000007FEFDC00000) ( 0xffffffff, 0x0, 0x0, 0xd30 ) 
0x000007FEFB88A80B	NULL (NULL:0) (WINHTTP:0x000007FEFB880000) ( 0x1e3cdc10, 0x1b23a130, 0x0, 0x1e6a1a30 ) 
0x000007FEFB88A8B7	NULL (NULL:0) (WINHTTP:0x000007FEFB880000) ( 0x0, 0x0, 0x0, 0x0 ) 
0x000007FEFB887859	NULL (NULL:0) (WINHTTP:0x000007FEFB880000) ( 0x0, 0x0, 0x0, 0x20c1e544 ) 
0x000007FEFA9992EB	NULL (NULL:0) (cryptnet:0x000007FEFA990000) ( 0x1e43cee8, 0x1e43cee8, 0x202005, 0x20c1f750 ) 
0x000007FEFA99948D	NULL (NULL:0) (cryptnet:0x000007FEFA990000) ( 0x202005, 0x202005, 0x0, 0x1e3cf370 ) 
0x000007FEFA99991C	NULL (NULL:0) (cryptnet:0x000007FEFA990000) ( 0x202005, 0x2, 0x129e, 0x0 ) 
0x000007FEFA9929B1	NULL (NULL:0) (cryptnet:0x000007FEFA990000) ( 0x0, 0x1e3e52b0, 0x202005, 0x1 ) 
0x000007FEFA992ED8	NULL (NULL:0) (cryptnet:0x000007FEFA990000) ( 0x0, 0x0, 0x1e43cec0, 0x0 ) 
0x000007FEFA999644	NULL (NULL:0) (cryptnet:0x000007FEFA990000) ( 0x202005, 0x0, 0x0, 0x0 ) 
0x0000000077B359CD	NULL (NULL:0) (kernel32:0x0000000077B20000) ( 0x0, 0x0, 0x0, 0x0 ) 

Thread 872
=====================
0x0000000077C8C0EA	NULL (NULL:0) (ntdll:0x0000000077C40000) ( 0x0, 0x0, 0x0, 0x0 ) 
0x000007FEFDC01430	NULL (NULL:0) (KERNELBASE:0x000007FEFDC00000) ( 0x2143fa68, 0x2143fa60, 0x0, 0x0 ) 
0x0000000077B416E3	NULL (NULL:0) (kernel32:0x0000000077B20000) ( 0x0, 0x0, 0x1e641340, 0x0 ) 
0x000007FEFDA820CE	NULL (NULL:0) (CRYPT32:0x000007FEFDA80000) ( 0x0, 0x0, 0x0, 0x0 ) 
0x0000000077B359CD	NULL (NULL:0) (kernel32:0x0000000077B20000) ( 0x0, 0x0, 0x0, 0x0 ) 
